<?xml version="1.0" encoding="UTF-8"?>
<testng-results ignored="0" total="1" passed="1" failed="0" skipped="0">
  <reporter-output>
  </reporter-output>
  <suite started-at="2024-02-10T17:15:45 IST" name="Default suite" finished-at="2024-02-10T17:15:45 IST" duration-ms="139">
    <groups>
    </groups>
    <test started-at="2024-02-10T17:15:45 IST" name="Default test" finished-at="2024-02-10T17:15:45 IST" duration-ms="139">
      <class name="TestA">
        <test-method signature="m1()[pri:0, instance:TestA@7c469c48]" started-at="2024-02-10T17:15:45 IST" name="m1" finished-at="2024-02-10T17:15:45 IST" duration-ms="24" status="PASS">
          <reporter-output>
          </reporter-output>
        </test-method> <!-- m1 -->
      </class> <!-- TestA -->
    </test> <!-- Default test -->
  </suite> <!-- Default suite -->
</testng-results>
